Arguments: 
  C:\Program Files\nodejs\node.exe C:\Program Files (x86)\Yarn\bin\yarn.js add react-native-image-slider

PATH: 
  C:\Users\Rizki Fr\AppData\Roaming\npm;C:\Program Files\nodejs\;C:\Program Files (x86)\Common Files\Intel\Shared Libraries\redist\intel64\compiler;C:\Windows\system32;C:\Windows;C:\Windows\System32\Wbem;C:\Windows\System32\WindowsPowerShell\v1.0\;C:\Program Files\Microsoft VS Code\bin;C:\Program Files\Git\cmd;C:\xampp\php;C:\ProgramData\ComposerSetup\bin;C:\Program Files\PuTTY\;C:\Program Files\nodejs\;C:\Program Files (x86)\Yarn\bin\;C:\Users\Rizki Fr\AppData\Local\Microsoft\WindowsApps;C:\Users\Rizki Fr\AppData\Roaming\Composer\vendor\bin;C:\Users\Rizki Fr\AppData\Roaming\npm;C:\Users\Rizki Fr\AppData\Local\Yarn\bin

Yarn version: 
  1.15.2

Node version: 
  10.15.3

Platform: 
  win32 x64

Trace: 
  Error: https://registry.yarnpkg.com/lottie-react-native/-/lottie-react-native-2.5.0.tgz: unexpected end of file
      at Zlib.zlibOnError [as onerror] (zlib.js:154:17)

npm manifest: 
  {
    "main": "node_modules/expo/AppEntry.js",
    "scripts": {
      "start": "expo start",
      "android": "expo start --android",
      "ios": "expo start --ios",
      "eject": "expo eject"
    },
    "dependencies": {
      "axios": "^0.18.0",
      "expo": "^32.0.0",
      "native-base": "^2.12.1",
      "react": "16.5.0",
      "react-native": "https://github.com/expo/react-native/archive/sdk-32.0.0.tar.gz",
      "react-native-elements": "^1.1.0",
      "react-native-google-places-autocomplete": "^1.3.9",
      "react-navigation": "^3.6.0"
    },
    "devDependencies": {
      "babel-preset-expo": "^5.0.0"
    },
    "private": true
  }

yarn manifest: 
  No manifest

Lockfile: 
  No lockfile
